d:\myfiles\cpp\hook\hoolallmessagebox\hookdll\x64\debug\hookdll.pch
d:\myfiles\cpp\hook\hoolallmessagebox\hookdll\x64\debug\vc141.pdb
d:\myfiles\cpp\hook\hoolallmessagebox\hookdll\x64\debug\vc141.idb
d:\myfiles\cpp\hook\hoolallmessagebox\hookdll\x64\debug\stdafx.obj
d:\myfiles\cpp\hook\hoolallmessagebox\hookdll\x64\debug\hookdll.obj
d:\myfiles\cpp\hook\hoolallmessagebox\x64\debug\hookdll.lib
d:\myfiles\cpp\hook\hoolallmessagebox\x64\debug\hookdll.exp
d:\myfiles\cpp\hook\hoolallmessagebox\x64\debug\hookdll.dll
d:\myfiles\cpp\hook\hoolallmessagebox\x64\debug\hookdll.ilk
d:\myfiles\cpp\hook\hoolallmessagebox\x64\debug\hookdll.pdb
d:\myfiles\cpp\hook\hoolallmessagebox\hookdll\x64\debug\hookdll.res
d:\myfiles\cpp\hook\hoolallmessagebox\hookdll\x64\debug\hookdll.tlog\cl.command.1.tlog
d:\myfiles\cpp\hook\hoolallmessagebox\hookdll\x64\debug\hookdll.tlog\cl.read.1.tlog
d:\myfiles\cpp\hook\hoolallmessagebox\hookdll\x64\debug\hookdll.tlog\cl.write.1.tlog
d:\myfiles\cpp\hook\hoolallmessagebox\hookdll\x64\debug\hookdll.tlog\hookdll.write.1u.tlog
d:\myfiles\cpp\hook\hoolallmessagebox\hookdll\x64\debug\hookdll.tlog\link.6568.delete.1.tlog
d:\myfiles\cpp\hook\hoolallmessagebox\hookdll\x64\debug\hookdll.tlog\link.9808.delete.1.tlog
d:\myfiles\cpp\hook\hoolallmessagebox\hookdll\x64\debug\hookdll.tlog\link.command.1.tlog
d:\myfiles\cpp\hook\hoolallmessagebox\hookdll\x64\debug\hookdll.tlog\link.delete.1.tlog
d:\myfiles\cpp\hook\hoolallmessagebox\hookdll\x64\debug\hookdll.tlog\link.read.1.tlog
d:\myfiles\cpp\hook\hoolallmessagebox\hookdll\x64\debug\hookdll.tlog\link.write.1.tlog
d:\myfiles\cpp\hook\hoolallmessagebox\hookdll\x64\debug\hookdll.tlog\rc.command.1.tlog
d:\myfiles\cpp\hook\hoolallmessagebox\hookdll\x64\debug\hookdll.tlog\rc.read.1.tlog
d:\myfiles\cpp\hook\hoolallmessagebox\hookdll\x64\debug\hookdll.tlog\rc.write.1.tlog
