d:\myfiles\cpp\hook\hoolallmessagebox\hookdll\release\hookdll.pch
d:\myfiles\cpp\hook\hoolallmessagebox\hookdll\release\vc141.pdb
d:\myfiles\cpp\hook\hoolallmessagebox\hookdll\release\stdafx.obj
d:\myfiles\cpp\hook\hoolallmessagebox\hookdll\release\hookdll.obj
d:\myfiles\cpp\hook\hoolallmessagebox\release\hookdll.lib
d:\myfiles\cpp\hook\hoolallmessagebox\release\hookdll.exp
d:\myfiles\cpp\hook\hoolallmessagebox\release\hookdll.ipdb
d:\myfiles\cpp\hook\hoolallmessagebox\release\hookdll.iobj
d:\myfiles\cpp\hook\hoolallmessagebox\release\hookdll.dll
d:\myfiles\cpp\hook\hoolallmessagebox\release\hookdll.pdb
d:\myfiles\cpp\hook\hoolallmessagebox\hookdll\release\hookdll.res
d:\myfiles\cpp\hook\hoolallmessagebox\hookdll\release\hookdll.tlog\cl.command.1.tlog
d:\myfiles\cpp\hook\hoolallmessagebox\hookdll\release\hookdll.tlog\cl.read.1.tlog
d:\myfiles\cpp\hook\hoolallmessagebox\hookdll\release\hookdll.tlog\cl.write.1.tlog
d:\myfiles\cpp\hook\hoolallmessagebox\hookdll\release\hookdll.tlog\hookdll.write.1u.tlog
d:\myfiles\cpp\hook\hoolallmessagebox\hookdll\release\hookdll.tlog\link.command.1.tlog
d:\myfiles\cpp\hook\hoolallmessagebox\hookdll\release\hookdll.tlog\link.read.1.tlog
d:\myfiles\cpp\hook\hoolallmessagebox\hookdll\release\hookdll.tlog\link.write.1.tlog
d:\myfiles\cpp\hook\hoolallmessagebox\hookdll\release\hookdll.tlog\rc.command.1.tlog
d:\myfiles\cpp\hook\hoolallmessagebox\hookdll\release\hookdll.tlog\rc.read.1.tlog
d:\myfiles\cpp\hook\hoolallmessagebox\hookdll\release\hookdll.tlog\rc.write.1.tlog
